[2022-10-10T07:42:15.473+0000] {processor.py:156} INFO - Started process (PID=1160) to work on /opt/airflow/dags/empty_dag.py
[2022-10-10T07:42:15.474+0000] {processor.py:758} INFO - Processing file /opt/airflow/dags/empty_dag.py for tasks to queue
[2022-10-10T07:42:15.476+0000] {logging_mixin.py:117} INFO - [2022-10-10T07:42:15.475+0000] {dagbag.py:525} INFO - Filling up the DagBag from /opt/airflow/dags/empty_dag.py
[2022-10-10T07:42:15.496+0000] {processor.py:768} INFO - DAG(s) dict_keys(['empty_useless_dag']) retrieved from /opt/airflow/dags/empty_dag.py
[2022-10-10T07:42:16.079+0000] {logging_mixin.py:117} INFO - [2022-10-10T07:42:16.079+0000] {manager.py:507} INFO - Created Permission View: can read on DAG:empty_useless_dag
[2022-10-10T07:42:16.094+0000] {logging_mixin.py:117} INFO - [2022-10-10T07:42:16.094+0000] {manager.py:507} INFO - Created Permission View: can edit on DAG:empty_useless_dag
[2022-10-10T07:42:16.108+0000] {logging_mixin.py:117} INFO - [2022-10-10T07:42:16.108+0000] {manager.py:507} INFO - Created Permission View: can delete on DAG:empty_useless_dag
[2022-10-10T07:42:16.108+0000] {logging_mixin.py:117} INFO - [2022-10-10T07:42:16.108+0000] {dag.py:2573} INFO - Sync 1 DAGs
[2022-10-10T07:42:16.127+0000] {logging_mixin.py:117} INFO - [2022-10-10T07:42:16.127+0000] {dag.py:2594} INFO - Creating ORM DAG for empty_useless_dag
[2022-10-10T07:42:16.150+0000] {logging_mixin.py:117} INFO - [2022-10-10T07:42:16.149+0000] {dag.py:3328} INFO - Setting next_dagrun for empty_useless_dag to 2023-01-01T00:00:00+00:00, run_after=2023-01-02T00:00:00+00:00
[2022-10-10T07:42:16.180+0000] {processor.py:178} INFO - Processing /opt/airflow/dags/empty_dag.py took 0.713 seconds
[2022-10-10T07:42:46.210+0000] {processor.py:156} INFO - Started process (PID=1226) to work on /opt/airflow/dags/empty_dag.py
[2022-10-10T07:42:46.211+0000] {processor.py:758} INFO - Processing file /opt/airflow/dags/empty_dag.py for tasks to queue
[2022-10-10T07:42:46.212+0000] {logging_mixin.py:117} INFO - [2022-10-10T07:42:46.212+0000] {dagbag.py:525} INFO - Filling up the DagBag from /opt/airflow/dags/empty_dag.py
[2022-10-10T07:42:46.241+0000] {processor.py:768} INFO - DAG(s) dict_keys(['empty_useless_dag']) retrieved from /opt/airflow/dags/empty_dag.py
[2022-10-10T07:42:46.340+0000] {logging_mixin.py:117} INFO - [2022-10-10T07:42:46.339+0000] {dag.py:2573} INFO - Sync 1 DAGs
[2022-10-10T07:42:46.387+0000] {logging_mixin.py:117} INFO - [2022-10-10T07:42:46.387+0000] {dag.py:3328} INFO - Setting next_dagrun for empty_useless_dag to 2023-01-01T00:00:00+00:00, run_after=2023-01-02T00:00:00+00:00
[2022-10-10T07:42:46.417+0000] {processor.py:178} INFO - Processing /opt/airflow/dags/empty_dag.py took 0.211 seconds
[2022-10-10T07:43:16.529+0000] {processor.py:156} INFO - Started process (PID=1279) to work on /opt/airflow/dags/empty_dag.py
[2022-10-10T07:43:16.531+0000] {processor.py:758} INFO - Processing file /opt/airflow/dags/empty_dag.py for tasks to queue
[2022-10-10T07:43:16.533+0000] {logging_mixin.py:117} INFO - [2022-10-10T07:43:16.532+0000] {dagbag.py:525} INFO - Filling up the DagBag from /opt/airflow/dags/empty_dag.py
[2022-10-10T07:43:16.556+0000] {processor.py:768} INFO - DAG(s) dict_keys(['empty_useless_dag']) retrieved from /opt/airflow/dags/empty_dag.py
[2022-10-10T07:43:16.609+0000] {logging_mixin.py:117} INFO - [2022-10-10T07:43:16.609+0000] {dag.py:2573} INFO - Sync 1 DAGs
[2022-10-10T07:43:16.669+0000] {logging_mixin.py:117} INFO - [2022-10-10T07:43:16.668+0000] {dag.py:3328} INFO - Setting next_dagrun for empty_useless_dag to 2023-01-01T00:00:00+00:00, run_after=2023-01-02T00:00:00+00:00
[2022-10-10T07:43:16.708+0000] {processor.py:178} INFO - Processing /opt/airflow/dags/empty_dag.py took 0.184 seconds
[2022-10-10T07:43:47.388+0000] {processor.py:156} INFO - Started process (PID=1343) to work on /opt/airflow/dags/empty_dag.py
[2022-10-10T07:43:47.390+0000] {processor.py:758} INFO - Processing file /opt/airflow/dags/empty_dag.py for tasks to queue
[2022-10-10T07:43:47.391+0000] {logging_mixin.py:117} INFO - [2022-10-10T07:43:47.390+0000] {dagbag.py:525} INFO - Filling up the DagBag from /opt/airflow/dags/empty_dag.py
[2022-10-10T07:43:47.409+0000] {processor.py:768} INFO - DAG(s) dict_keys(['empty_useless_dag']) retrieved from /opt/airflow/dags/empty_dag.py
[2022-10-10T07:43:47.470+0000] {logging_mixin.py:117} INFO - [2022-10-10T07:43:47.470+0000] {dag.py:2573} INFO - Sync 1 DAGs
[2022-10-10T07:43:47.517+0000] {logging_mixin.py:117} INFO - [2022-10-10T07:43:47.516+0000] {dag.py:3328} INFO - Setting next_dagrun for empty_useless_dag to 2023-01-01T00:00:00+00:00, run_after=2023-01-02T00:00:00+00:00
[2022-10-10T07:43:47.552+0000] {processor.py:178} INFO - Processing /opt/airflow/dags/empty_dag.py took 0.169 seconds
[2022-10-10T07:44:17.887+0000] {processor.py:156} INFO - Started process (PID=1398) to work on /opt/airflow/dags/empty_dag.py
[2022-10-10T07:44:17.889+0000] {processor.py:758} INFO - Processing file /opt/airflow/dags/empty_dag.py for tasks to queue
[2022-10-10T07:44:17.890+0000] {logging_mixin.py:117} INFO - [2022-10-10T07:44:17.890+0000] {dagbag.py:525} INFO - Filling up the DagBag from /opt/airflow/dags/empty_dag.py
[2022-10-10T07:44:17.927+0000] {processor.py:768} INFO - DAG(s) dict_keys(['empty_useless_dag']) retrieved from /opt/airflow/dags/empty_dag.py
[2022-10-10T07:44:18.042+0000] {logging_mixin.py:117} INFO - [2022-10-10T07:44:18.041+0000] {dag.py:2573} INFO - Sync 1 DAGs
[2022-10-10T07:44:18.146+0000] {logging_mixin.py:117} INFO - [2022-10-10T07:44:18.145+0000] {dag.py:3328} INFO - Setting next_dagrun for empty_useless_dag to 2023-01-01T00:00:00+00:00, run_after=2023-01-02T00:00:00+00:00
[2022-10-10T07:44:18.203+0000] {processor.py:178} INFO - Processing /opt/airflow/dags/empty_dag.py took 0.329 seconds
[2022-10-10T07:44:48.909+0000] {processor.py:156} INFO - Started process (PID=1462) to work on /opt/airflow/dags/empty_dag.py
[2022-10-10T07:44:48.910+0000] {processor.py:758} INFO - Processing file /opt/airflow/dags/empty_dag.py for tasks to queue
[2022-10-10T07:44:48.912+0000] {logging_mixin.py:117} INFO - [2022-10-10T07:44:48.911+0000] {dagbag.py:525} INFO - Filling up the DagBag from /opt/airflow/dags/empty_dag.py
[2022-10-10T07:44:48.932+0000] {processor.py:768} INFO - DAG(s) dict_keys(['empty_useless_dag']) retrieved from /opt/airflow/dags/empty_dag.py
[2022-10-10T07:44:49.019+0000] {logging_mixin.py:117} INFO - [2022-10-10T07:44:49.019+0000] {dag.py:2573} INFO - Sync 1 DAGs
[2022-10-10T07:44:49.107+0000] {logging_mixin.py:117} INFO - [2022-10-10T07:44:49.107+0000] {dag.py:3328} INFO - Setting next_dagrun for empty_useless_dag to 2023-01-01T00:00:00+00:00, run_after=2023-01-02T00:00:00+00:00
[2022-10-10T07:44:49.179+0000] {processor.py:178} INFO - Processing /opt/airflow/dags/empty_dag.py took 0.275 seconds
[2022-10-10T07:45:19.244+0000] {processor.py:156} INFO - Started process (PID=1518) to work on /opt/airflow/dags/empty_dag.py
[2022-10-10T07:45:19.246+0000] {processor.py:758} INFO - Processing file /opt/airflow/dags/empty_dag.py for tasks to queue
[2022-10-10T07:45:19.247+0000] {logging_mixin.py:117} INFO - [2022-10-10T07:45:19.247+0000] {dagbag.py:525} INFO - Filling up the DagBag from /opt/airflow/dags/empty_dag.py
[2022-10-10T07:45:19.263+0000] {processor.py:768} INFO - DAG(s) dict_keys(['empty_useless_dag']) retrieved from /opt/airflow/dags/empty_dag.py
[2022-10-10T07:45:19.315+0000] {logging_mixin.py:117} INFO - [2022-10-10T07:45:19.315+0000] {dag.py:2573} INFO - Sync 1 DAGs
[2022-10-10T07:45:19.366+0000] {logging_mixin.py:117} INFO - [2022-10-10T07:45:19.365+0000] {dag.py:3328} INFO - Setting next_dagrun for empty_useless_dag to 2023-01-01T00:00:00+00:00, run_after=2023-01-02T00:00:00+00:00
[2022-10-10T07:45:19.409+0000] {processor.py:178} INFO - Processing /opt/airflow/dags/empty_dag.py took 0.169 seconds
[2022-10-10T07:45:50.278+0000] {processor.py:156} INFO - Started process (PID=1582) to work on /opt/airflow/dags/empty_dag.py
[2022-10-10T07:45:50.283+0000] {processor.py:758} INFO - Processing file /opt/airflow/dags/empty_dag.py for tasks to queue
[2022-10-10T07:45:50.291+0000] {logging_mixin.py:117} INFO - [2022-10-10T07:45:50.285+0000] {dagbag.py:525} INFO - Filling up the DagBag from /opt/airflow/dags/empty_dag.py
[2022-10-10T07:45:50.365+0000] {processor.py:768} INFO - DAG(s) dict_keys(['empty_useless_dag']) retrieved from /opt/airflow/dags/empty_dag.py
[2022-10-10T07:45:50.581+0000] {logging_mixin.py:117} INFO - [2022-10-10T07:45:50.581+0000] {dag.py:2573} INFO - Sync 1 DAGs
[2022-10-10T07:45:50.729+0000] {logging_mixin.py:117} INFO - [2022-10-10T07:45:50.728+0000] {dag.py:3328} INFO - Setting next_dagrun for empty_useless_dag to 2023-01-01T00:00:00+00:00, run_after=2023-01-02T00:00:00+00:00
[2022-10-10T07:45:50.847+0000] {processor.py:178} INFO - Processing /opt/airflow/dags/empty_dag.py took 0.601 seconds
[2022-10-10T07:46:21.047+0000] {processor.py:156} INFO - Started process (PID=1640) to work on /opt/airflow/dags/empty_dag.py
[2022-10-10T07:46:21.048+0000] {processor.py:758} INFO - Processing file /opt/airflow/dags/empty_dag.py for tasks to queue
[2022-10-10T07:46:21.050+0000] {logging_mixin.py:117} INFO - [2022-10-10T07:46:21.049+0000] {dagbag.py:525} INFO - Filling up the DagBag from /opt/airflow/dags/empty_dag.py
[2022-10-10T07:46:21.085+0000] {processor.py:768} INFO - DAG(s) dict_keys(['empty_useless_dag']) retrieved from /opt/airflow/dags/empty_dag.py
[2022-10-10T07:46:21.172+0000] {logging_mixin.py:117} INFO - [2022-10-10T07:46:21.172+0000] {dag.py:2573} INFO - Sync 1 DAGs
[2022-10-10T07:46:21.243+0000] {logging_mixin.py:117} INFO - [2022-10-10T07:46:21.243+0000] {dag.py:3328} INFO - Setting next_dagrun for empty_useless_dag to 2023-01-01T00:00:00+00:00, run_after=2023-01-02T00:00:00+00:00
[2022-10-10T07:46:21.289+0000] {processor.py:178} INFO - Processing /opt/airflow/dags/empty_dag.py took 0.247 seconds
[2022-10-10T07:46:51.653+0000] {processor.py:156} INFO - Started process (PID=1695) to work on /opt/airflow/dags/empty_dag.py
[2022-10-10T07:46:51.655+0000] {processor.py:758} INFO - Processing file /opt/airflow/dags/empty_dag.py for tasks to queue
[2022-10-10T07:46:51.658+0000] {logging_mixin.py:117} INFO - [2022-10-10T07:46:51.657+0000] {dagbag.py:525} INFO - Filling up the DagBag from /opt/airflow/dags/empty_dag.py
[2022-10-10T07:46:51.680+0000] {processor.py:768} INFO - DAG(s) dict_keys(['empty_useless_dag']) retrieved from /opt/airflow/dags/empty_dag.py
[2022-10-10T07:46:51.767+0000] {logging_mixin.py:117} INFO - [2022-10-10T07:46:51.767+0000] {dag.py:2573} INFO - Sync 1 DAGs
[2022-10-10T07:46:51.832+0000] {logging_mixin.py:117} INFO - [2022-10-10T07:46:51.832+0000] {dag.py:3328} INFO - Setting next_dagrun for empty_useless_dag to 2023-01-01T00:00:00+00:00, run_after=2023-01-02T00:00:00+00:00
[2022-10-10T07:46:51.871+0000] {processor.py:178} INFO - Processing /opt/airflow/dags/empty_dag.py took 0.223 seconds
[2022-10-10T07:47:22.203+0000] {processor.py:156} INFO - Started process (PID=1760) to work on /opt/airflow/dags/empty_dag.py
[2022-10-10T07:47:22.205+0000] {processor.py:758} INFO - Processing file /opt/airflow/dags/empty_dag.py for tasks to queue
[2022-10-10T07:47:22.206+0000] {logging_mixin.py:117} INFO - [2022-10-10T07:47:22.206+0000] {dagbag.py:525} INFO - Filling up the DagBag from /opt/airflow/dags/empty_dag.py
[2022-10-10T07:47:22.225+0000] {processor.py:768} INFO - DAG(s) dict_keys(['empty_useless_dag']) retrieved from /opt/airflow/dags/empty_dag.py
[2022-10-10T07:47:22.274+0000] {logging_mixin.py:117} INFO - [2022-10-10T07:47:22.274+0000] {dag.py:2573} INFO - Sync 1 DAGs
[2022-10-10T07:47:22.318+0000] {logging_mixin.py:117} INFO - [2022-10-10T07:47:22.318+0000] {dag.py:3328} INFO - Setting next_dagrun for empty_useless_dag to 2023-01-01T00:00:00+00:00, run_after=2023-01-02T00:00:00+00:00
[2022-10-10T07:47:22.355+0000] {processor.py:178} INFO - Processing /opt/airflow/dags/empty_dag.py took 0.157 seconds
[2022-10-10T07:47:54.120+0000] {processor.py:156} INFO - Started process (PID=1810) to work on /opt/airflow/dags/empty_dag.py
[2022-10-10T07:47:54.122+0000] {processor.py:758} INFO - Processing file /opt/airflow/dags/empty_dag.py for tasks to queue
[2022-10-10T07:47:54.124+0000] {logging_mixin.py:117} INFO - [2022-10-10T07:47:54.124+0000] {dagbag.py:525} INFO - Filling up the DagBag from /opt/airflow/dags/empty_dag.py
[2022-10-10T07:47:54.227+0000] {processor.py:768} INFO - DAG(s) dict_keys(['empty_useless_dag']) retrieved from /opt/airflow/dags/empty_dag.py
[2022-10-10T07:47:54.504+0000] {logging_mixin.py:117} INFO - [2022-10-10T07:47:54.503+0000] {dag.py:2573} INFO - Sync 1 DAGs
[2022-10-10T07:47:54.653+0000] {logging_mixin.py:117} INFO - [2022-10-10T07:47:54.652+0000] {dag.py:3328} INFO - Setting next_dagrun for empty_useless_dag to 2023-01-01T00:00:00+00:00, run_after=2023-01-02T00:00:00+00:00
[2022-10-10T07:47:54.752+0000] {processor.py:178} INFO - Processing /opt/airflow/dags/empty_dag.py took 0.708 seconds
[2022-10-10T07:48:24.894+0000] {processor.py:156} INFO - Started process (PID=1864) to work on /opt/airflow/dags/empty_dag.py
[2022-10-10T07:48:24.895+0000] {processor.py:758} INFO - Processing file /opt/airflow/dags/empty_dag.py for tasks to queue
[2022-10-10T07:48:24.896+0000] {logging_mixin.py:117} INFO - [2022-10-10T07:48:24.895+0000] {dagbag.py:525} INFO - Filling up the DagBag from /opt/airflow/dags/empty_dag.py
[2022-10-10T07:48:24.918+0000] {processor.py:768} INFO - DAG(s) dict_keys(['empty_useless_dag']) retrieved from /opt/airflow/dags/empty_dag.py
[2022-10-10T07:48:25.001+0000] {logging_mixin.py:117} INFO - [2022-10-10T07:48:25.001+0000] {dag.py:2573} INFO - Sync 1 DAGs
[2022-10-10T07:48:25.050+0000] {logging_mixin.py:117} INFO - [2022-10-10T07:48:25.050+0000] {dag.py:3328} INFO - Setting next_dagrun for empty_useless_dag to 2023-01-01T00:00:00+00:00, run_after=2023-01-02T00:00:00+00:00
[2022-10-10T07:48:25.084+0000] {processor.py:178} INFO - Processing /opt/airflow/dags/empty_dag.py took 0.193 seconds
[2022-10-10T07:48:55.194+0000] {processor.py:156} INFO - Started process (PID=1917) to work on /opt/airflow/dags/empty_dag.py
[2022-10-10T07:48:55.195+0000] {processor.py:758} INFO - Processing file /opt/airflow/dags/empty_dag.py for tasks to queue
[2022-10-10T07:48:55.197+0000] {logging_mixin.py:117} INFO - [2022-10-10T07:48:55.196+0000] {dagbag.py:525} INFO - Filling up the DagBag from /opt/airflow/dags/empty_dag.py
[2022-10-10T07:48:55.215+0000] {processor.py:768} INFO - DAG(s) dict_keys(['empty_useless_dag']) retrieved from /opt/airflow/dags/empty_dag.py
[2022-10-10T07:48:55.268+0000] {logging_mixin.py:117} INFO - [2022-10-10T07:48:55.268+0000] {dag.py:2573} INFO - Sync 1 DAGs
[2022-10-10T07:48:55.315+0000] {logging_mixin.py:117} INFO - [2022-10-10T07:48:55.315+0000] {dag.py:3328} INFO - Setting next_dagrun for empty_useless_dag to 2023-01-01T00:00:00+00:00, run_after=2023-01-02T00:00:00+00:00
[2022-10-10T07:48:55.353+0000] {processor.py:178} INFO - Processing /opt/airflow/dags/empty_dag.py took 0.164 seconds
[2022-10-10T07:58:11.376+0000] {processor.py:156} INFO - Started process (PID=53) to work on /opt/airflow/dags/empty_dag.py
[2022-10-10T07:58:11.380+0000] {processor.py:758} INFO - Processing file /opt/airflow/dags/empty_dag.py for tasks to queue
[2022-10-10T07:58:11.383+0000] {logging_mixin.py:117} INFO - [2022-10-10T07:58:11.382+0000] {dagbag.py:525} INFO - Filling up the DagBag from /opt/airflow/dags/empty_dag.py
[2022-10-10T07:58:11.502+0000] {processor.py:768} INFO - DAG(s) dict_keys(['user_processing']) retrieved from /opt/airflow/dags/empty_dag.py
[2022-10-10T07:58:13.562+0000] {logging_mixin.py:117} INFO - [2022-10-10T07:58:13.558+0000] {manager.py:507} INFO - Created Permission View: can delete on DAG:user_processing
[2022-10-10T07:58:13.609+0000] {logging_mixin.py:117} INFO - [2022-10-10T07:58:13.608+0000] {manager.py:507} INFO - Created Permission View: can read on DAG:user_processing
[2022-10-10T07:58:13.667+0000] {logging_mixin.py:117} INFO - [2022-10-10T07:58:13.666+0000] {manager.py:507} INFO - Created Permission View: can edit on DAG:user_processing
[2022-10-10T07:58:13.668+0000] {logging_mixin.py:117} INFO - [2022-10-10T07:58:13.668+0000] {dag.py:2573} INFO - Sync 1 DAGs
[2022-10-10T07:58:13.798+0000] {logging_mixin.py:117} INFO - [2022-10-10T07:58:13.797+0000] {dag.py:2594} INFO - Creating ORM DAG for user_processing
[2022-10-10T07:58:13.870+0000] {logging_mixin.py:117} INFO - [2022-10-10T07:58:13.869+0000] {dag.py:3328} INFO - Setting next_dagrun for user_processing to 2023-01-01T00:00:00+00:00, run_after=2023-01-02T00:00:00+00:00
[2022-10-10T07:58:13.951+0000] {processor.py:178} INFO - Processing /opt/airflow/dags/empty_dag.py took 2.586 seconds
[2022-10-10T07:59:01.070+0000] {processor.py:156} INFO - Started process (PID=107) to work on /opt/airflow/dags/empty_dag.py
[2022-10-10T07:59:01.078+0000] {processor.py:758} INFO - Processing file /opt/airflow/dags/empty_dag.py for tasks to queue
[2022-10-10T07:59:01.080+0000] {logging_mixin.py:117} INFO - [2022-10-10T07:59:01.080+0000] {dagbag.py:525} INFO - Filling up the DagBag from /opt/airflow/dags/empty_dag.py
[2022-10-10T07:59:01.164+0000] {processor.py:768} INFO - DAG(s) dict_keys(['user_processing']) retrieved from /opt/airflow/dags/empty_dag.py
[2022-10-10T07:59:05.171+0000] {logging_mixin.py:117} INFO - [2022-10-10T07:59:05.170+0000] {dag.py:2573} INFO - Sync 1 DAGs
[2022-10-10T07:59:05.338+0000] {logging_mixin.py:117} INFO - [2022-10-10T07:59:05.337+0000] {dag.py:3328} INFO - Setting next_dagrun for user_processing to 2023-01-01T00:00:00+00:00, run_after=2023-01-02T00:00:00+00:00
[2022-10-10T07:59:05.509+0000] {processor.py:178} INFO - Processing /opt/airflow/dags/empty_dag.py took 4.448 seconds
[2022-10-10T07:59:35.697+0000] {processor.py:156} INFO - Started process (PID=173) to work on /opt/airflow/dags/empty_dag.py
[2022-10-10T07:59:35.699+0000] {processor.py:758} INFO - Processing file /opt/airflow/dags/empty_dag.py for tasks to queue
[2022-10-10T07:59:35.701+0000] {logging_mixin.py:117} INFO - [2022-10-10T07:59:35.700+0000] {dagbag.py:525} INFO - Filling up the DagBag from /opt/airflow/dags/empty_dag.py
[2022-10-10T07:59:36.305+0000] {processor.py:768} INFO - DAG(s) dict_keys(['user_processing']) retrieved from /opt/airflow/dags/empty_dag.py
[2022-10-10T07:59:36.361+0000] {logging_mixin.py:117} INFO - [2022-10-10T07:59:36.360+0000] {dag.py:2573} INFO - Sync 1 DAGs
[2022-10-10T07:59:36.430+0000] {logging_mixin.py:117} INFO - [2022-10-10T07:59:36.430+0000] {dag.py:3328} INFO - Setting next_dagrun for user_processing to 2023-01-01T00:00:00+00:00, run_after=2023-01-02T00:00:00+00:00
[2022-10-10T07:59:36.470+0000] {processor.py:178} INFO - Processing /opt/airflow/dags/empty_dag.py took 0.779 seconds
[2022-10-10T08:00:06.577+0000] {processor.py:156} INFO - Started process (PID=229) to work on /opt/airflow/dags/empty_dag.py
[2022-10-10T08:00:06.578+0000] {processor.py:758} INFO - Processing file /opt/airflow/dags/empty_dag.py for tasks to queue
[2022-10-10T08:00:06.579+0000] {logging_mixin.py:117} INFO - [2022-10-10T08:00:06.578+0000] {dagbag.py:525} INFO - Filling up the DagBag from /opt/airflow/dags/empty_dag.py
[2022-10-10T08:00:06.595+0000] {processor.py:768} INFO - DAG(s) dict_keys(['user_processing']) retrieved from /opt/airflow/dags/empty_dag.py
[2022-10-10T08:00:06.653+0000] {logging_mixin.py:117} INFO - [2022-10-10T08:00:06.653+0000] {dag.py:2573} INFO - Sync 1 DAGs
[2022-10-10T08:00:06.699+0000] {logging_mixin.py:117} INFO - [2022-10-10T08:00:06.699+0000] {dag.py:3328} INFO - Setting next_dagrun for user_processing to 2023-01-01T00:00:00+00:00, run_after=2023-01-02T00:00:00+00:00
[2022-10-10T08:00:06.734+0000] {processor.py:178} INFO - Processing /opt/airflow/dags/empty_dag.py took 0.163 seconds
[2022-10-10T08:00:36.894+0000] {processor.py:156} INFO - Started process (PID=293) to work on /opt/airflow/dags/empty_dag.py
[2022-10-10T08:00:36.896+0000] {processor.py:758} INFO - Processing file /opt/airflow/dags/empty_dag.py for tasks to queue
[2022-10-10T08:00:36.897+0000] {logging_mixin.py:117} INFO - [2022-10-10T08:00:36.897+0000] {dagbag.py:525} INFO - Filling up the DagBag from /opt/airflow/dags/empty_dag.py
[2022-10-10T08:00:36.915+0000] {processor.py:768} INFO - DAG(s) dict_keys(['user_processing']) retrieved from /opt/airflow/dags/empty_dag.py
[2022-10-10T08:00:36.965+0000] {logging_mixin.py:117} INFO - [2022-10-10T08:00:36.964+0000] {dag.py:2573} INFO - Sync 1 DAGs
[2022-10-10T08:00:37.007+0000] {logging_mixin.py:117} INFO - [2022-10-10T08:00:37.007+0000] {dag.py:3328} INFO - Setting next_dagrun for user_processing to 2023-01-01T00:00:00+00:00, run_after=2023-01-02T00:00:00+00:00
[2022-10-10T08:00:37.045+0000] {processor.py:178} INFO - Processing /opt/airflow/dags/empty_dag.py took 0.154 seconds
[2022-10-10T08:01:07.396+0000] {processor.py:156} INFO - Started process (PID=348) to work on /opt/airflow/dags/empty_dag.py
[2022-10-10T08:01:07.397+0000] {processor.py:758} INFO - Processing file /opt/airflow/dags/empty_dag.py for tasks to queue
[2022-10-10T08:01:07.398+0000] {logging_mixin.py:117} INFO - [2022-10-10T08:01:07.398+0000] {dagbag.py:525} INFO - Filling up the DagBag from /opt/airflow/dags/empty_dag.py
[2022-10-10T08:01:07.415+0000] {processor.py:768} INFO - DAG(s) dict_keys(['user_processing']) retrieved from /opt/airflow/dags/empty_dag.py
[2022-10-10T08:01:07.462+0000] {logging_mixin.py:117} INFO - [2022-10-10T08:01:07.462+0000] {dag.py:2573} INFO - Sync 1 DAGs
[2022-10-10T08:01:07.505+0000] {logging_mixin.py:117} INFO - [2022-10-10T08:01:07.505+0000] {dag.py:3328} INFO - Setting next_dagrun for user_processing to 2023-01-01T00:00:00+00:00, run_after=2023-01-02T00:00:00+00:00
[2022-10-10T08:01:07.541+0000] {processor.py:178} INFO - Processing /opt/airflow/dags/empty_dag.py took 0.149 seconds
[2022-10-10T08:01:37.669+0000] {processor.py:156} INFO - Started process (PID=403) to work on /opt/airflow/dags/empty_dag.py
[2022-10-10T08:01:37.671+0000] {processor.py:758} INFO - Processing file /opt/airflow/dags/empty_dag.py for tasks to queue
[2022-10-10T08:01:37.673+0000] {logging_mixin.py:117} INFO - [2022-10-10T08:01:37.672+0000] {dagbag.py:525} INFO - Filling up the DagBag from /opt/airflow/dags/empty_dag.py
[2022-10-10T08:01:37.698+0000] {processor.py:768} INFO - DAG(s) dict_keys(['user_processing']) retrieved from /opt/airflow/dags/empty_dag.py
[2022-10-10T08:01:37.763+0000] {logging_mixin.py:117} INFO - [2022-10-10T08:01:37.763+0000] {dag.py:2573} INFO - Sync 1 DAGs
[2022-10-10T08:01:37.824+0000] {logging_mixin.py:117} INFO - [2022-10-10T08:01:37.823+0000] {dag.py:3328} INFO - Setting next_dagrun for user_processing to 2023-01-01T00:00:00+00:00, run_after=2023-01-02T00:00:00+00:00
[2022-10-10T08:01:37.868+0000] {processor.py:178} INFO - Processing /opt/airflow/dags/empty_dag.py took 0.204 seconds
[2022-10-10T08:02:08.327+0000] {processor.py:156} INFO - Started process (PID=467) to work on /opt/airflow/dags/empty_dag.py
[2022-10-10T08:02:08.328+0000] {processor.py:758} INFO - Processing file /opt/airflow/dags/empty_dag.py for tasks to queue
[2022-10-10T08:02:08.330+0000] {logging_mixin.py:117} INFO - [2022-10-10T08:02:08.329+0000] {dagbag.py:525} INFO - Filling up the DagBag from /opt/airflow/dags/empty_dag.py
[2022-10-10T08:02:08.352+0000] {processor.py:768} INFO - DAG(s) dict_keys(['user_processing']) retrieved from /opt/airflow/dags/empty_dag.py
[2022-10-10T08:02:08.409+0000] {logging_mixin.py:117} INFO - [2022-10-10T08:02:08.409+0000] {dag.py:2573} INFO - Sync 1 DAGs
[2022-10-10T08:02:08.480+0000] {logging_mixin.py:117} INFO - [2022-10-10T08:02:08.480+0000] {dag.py:3328} INFO - Setting next_dagrun for user_processing to 2023-01-01T00:00:00+00:00, run_after=2023-01-02T00:00:00+00:00
[2022-10-10T08:02:08.533+0000] {processor.py:178} INFO - Processing /opt/airflow/dags/empty_dag.py took 0.212 seconds
[2022-10-10T08:02:38.957+0000] {processor.py:156} INFO - Started process (PID=513) to work on /opt/airflow/dags/empty_dag.py
[2022-10-10T08:02:38.960+0000] {processor.py:758} INFO - Processing file /opt/airflow/dags/empty_dag.py for tasks to queue
[2022-10-10T08:02:38.962+0000] {logging_mixin.py:117} INFO - [2022-10-10T08:02:38.961+0000] {dagbag.py:525} INFO - Filling up the DagBag from /opt/airflow/dags/empty_dag.py
[2022-10-10T08:02:38.980+0000] {processor.py:768} INFO - DAG(s) dict_keys(['user_processing']) retrieved from /opt/airflow/dags/empty_dag.py
[2022-10-10T08:02:39.065+0000] {logging_mixin.py:117} INFO - [2022-10-10T08:02:39.064+0000] {dag.py:2573} INFO - Sync 1 DAGs
[2022-10-10T08:02:39.176+0000] {logging_mixin.py:117} INFO - [2022-10-10T08:02:39.175+0000] {dag.py:3328} INFO - Setting next_dagrun for user_processing to 2023-01-01T00:00:00+00:00, run_after=2023-01-02T00:00:00+00:00
[2022-10-10T08:02:39.248+0000] {processor.py:178} INFO - Processing /opt/airflow/dags/empty_dag.py took 0.298 seconds
